<?xml version="1.0" encoding="UTF-8"?>
<testng-results ignored="0" total="1" passed="1" failed="0" skipped="0">
  <reporter-output>
  </reporter-output>
  <suite started-at="2023-05-16T14:36:26Z" name="Suite" finished-at="2023-05-16T14:36:28Z" duration-ms="2350">
    <groups>
    </groups>
    <test started-at="2023-05-16T14:36:26Z" name="Test" finished-at="2023-05-16T14:36:28Z" duration-ms="2350">
      <class name="org.login.Employee">
        <test-method signature="tc0()[pri:0, instance:org.login.Employee@6aa61224]" started-at="2023-05-16T14:36:26Z" name="tc0" finished-at="2023-05-16T14:36:28Z" duration-ms="2329" status="PASS">
          <reporter-output>
          </reporter-output>
        </test-method> <!-- tc0 -->
      </class> <!-- org.login.Employee -->
    </test> <!-- Test -->
  </suite> <!-- Suite -->
</testng-results>
